  main.cpp
c:\users\chris\source\repos\finalproject\finalproject\main.cpp(155): warning C4244: 'argument': conversion from 'time_t' to 'unsigned int', possible loss of data
c:\users\chris\source\repos\finalproject\finalproject\main.cpp(188): warning C4838: conversion from 'unsigned long' to 'int' requires a narrowing conversion
c:\users\chris\source\repos\finalproject\finalproject\main.cpp(600): warning C4244: 'initializing': conversion from 'double' to 'int', possible loss of data
c:\users\chris\source\repos\finalproject\finalproject\main.cpp(603): warning C4244: 'initializing': conversion from 'double' to 'int', possible loss of data
c:\users\chris\source\repos\finalproject\finalproject\main.cpp(630): warning C4244: '+=': conversion from 'double' to 'int', possible loss of data
c:\users\chris\source\repos\finalproject\finalproject\main.cpp(632): warning C4244: '-=': conversion from 'double' to 'int', possible loss of data
c:\users\chris\source\repos\finalproject\finalproject\main.cpp(637): warning C4244: '-=': conversion from 'double' to 'int', possible loss of data
c:\users\chris\source\repos\finalproject\finalproject\main.cpp(639): warning C4244: '+=': conversion from 'double' to 'int', possible loss of data
c:\users\chris\source\repos\finalproject\finalproject\main.cpp(708): warning C4018: '>': signed/unsigned mismatch
c:\users\chris\source\repos\finalproject\finalproject\main.cpp(709): warning C4018: '>': signed/unsigned mismatch
c:\users\chris\source\repos\finalproject\finalproject\main.cpp(734): warning C4267: 'argument': conversion from 'size_t' to 'int', possible loss of data
c:\users\chris\source\repos\finalproject\finalproject\main.cpp(778): warning C4244: '*=': conversion from 'double' to 'int', possible loss of data
c:\users\chris\source\repos\finalproject\finalproject\main.cpp(779): warning C4244: '*=': conversion from 'double' to 'int', possible loss of data
c:\users\chris\source\repos\finalproject\finalproject\main.cpp(828): warning C4244: 'initializing': conversion from 'double' to 'int', possible loss of data
c:\users\chris\source\repos\finalproject\finalproject\main.cpp(868): warning C4244: '=': conversion from 'double' to 'int', possible loss of data
c:\users\chris\source\repos\finalproject\finalproject\main.cpp(869): warning C4244: '=': conversion from 'double' to 'int', possible loss of data
c:\users\chris\source\repos\finalproject\finalproject\main.cpp(1193): warning C4244: 'argument': conversion from 'time_t' to 'unsigned int', possible loss of data
c:\users\chris\source\repos\finalproject\finalproject\main.cpp(1283): warning C4244: 'argument': conversion from 'double' to 'int', possible loss of data
c:\users\chris\source\repos\finalproject\finalproject\main.cpp(1349): warning C4267: '=': conversion from 'size_t' to 'int', possible loss of data
c:\users\chris\source\repos\finalproject\finalproject\main.cpp(1398): warning C4244: '-=': conversion from 'double' to 'int', possible loss of data
c:\users\chris\source\repos\finalproject\finalproject\main.cpp(1404): warning C4267: '=': conversion from 'size_t' to 'int', possible loss of data
c:\users\chris\source\repos\finalproject\finalproject\main.cpp(1417): warning C4244: '-=': conversion from 'double' to 'int', possible loss of data
c:\users\chris\source\repos\finalproject\finalproject\main.cpp(1451): warning C4244: '-=': conversion from 'double' to 'int', possible loss of data
c:\users\chris\source\repos\finalproject\finalproject\main.cpp(1473): warning C4244: '*=': conversion from 'double' to 'int', possible loss of data
c:\users\chris\source\repos\finalproject\finalproject\main.cpp(1518): warning C4018: '<=': signed/unsigned mismatch
c:\users\chris\source\repos\finalproject\finalproject\main.cpp(176): warning C4715: 'getUiSprite': not all control paths return a value
  FinalProject.vcxproj -> C:\Users\chris\source\repos\FinalProject\Debug\FinalProject.exe
