  main.cpp
c:\users\christian\documents\visual studio 2017\projects\loweye\finalproject\gameengine.h(5): warning C4005: '_CRT_SECURE_NO_WARNINGS': macro redefinition
  c:\users\christian\documents\visual studio 2017\projects\loweye\finalproject\gameengine.h(5): note: command-line arguments:  see previous definition of '_CRT_SECURE_NO_WARNINGS'
c:\users\christian\documents\visual studio 2017\projects\loweye\finalproject\main.cpp(37): warning C4244: 'argument': conversion from 'time_t' to 'unsigned int', possible loss of data
c:\users\christian\documents\visual studio 2017\projects\loweye\finalproject\main.cpp(81): warning C4018: '<': signed/unsigned mismatch
c:\users\christian\documents\visual studio 2017\projects\loweye\finalproject\main.cpp(86): warning C4018: '<': signed/unsigned mismatch
c:\users\christian\documents\visual studio 2017\projects\loweye\finalproject\main.cpp(91): warning C4018: '<': signed/unsigned mismatch
c:\users\christian\documents\visual studio 2017\projects\loweye\finalproject\main.cpp(130): warning C4018: '<': signed/unsigned mismatch
c:\users\christian\documents\visual studio 2017\projects\loweye\finalproject\main.cpp(163): warning C4018: '<': signed/unsigned mismatch
c:\users\christian\documents\visual studio 2017\projects\loweye\finalproject\main.cpp(173): warning C4018: '<': signed/unsigned mismatch
c:\users\christian\documents\visual studio 2017\projects\loweye\finalproject\main.cpp(182): warning C4838: conversion from 'unsigned long' to 'int' requires a narrowing conversion
c:\users\christian\documents\visual studio 2017\projects\loweye\finalproject\main.cpp(188): warning C4018: '<': signed/unsigned mismatch
c:\users\christian\documents\visual studio 2017\projects\loweye\finalproject\main.cpp(197): warning C4018: '<': signed/unsigned mismatch
c:\users\christian\documents\visual studio 2017\projects\loweye\finalproject\main.cpp(207): warning C4018: '<': signed/unsigned mismatch
c:\users\christian\documents\visual studio 2017\projects\loweye\finalproject\main.cpp(440): warning C4018: '<': signed/unsigned mismatch
c:\users\christian\documents\visual studio 2017\projects\loweye\finalproject\main.cpp(483): warning C4018: '<': signed/unsigned mismatch
c:\users\christian\documents\visual studio 2017\projects\loweye\finalproject\main.cpp(622): warning C4244: 'initializing': conversion from 'double' to 'int', possible loss of data
c:\users\christian\documents\visual studio 2017\projects\loweye\finalproject\main.cpp(625): warning C4244: 'initializing': conversion from 'double' to 'int', possible loss of data
c:\users\christian\documents\visual studio 2017\projects\loweye\finalproject\main.cpp(652): warning C4244: '+=': conversion from 'double' to 'int', possible loss of data
c:\users\christian\documents\visual studio 2017\projects\loweye\finalproject\main.cpp(654): warning C4244: '-=': conversion from 'double' to 'int', possible loss of data
c:\users\christian\documents\visual studio 2017\projects\loweye\finalproject\main.cpp(659): warning C4244: '-=': conversion from 'double' to 'int', possible loss of data
c:\users\christian\documents\visual studio 2017\projects\loweye\finalproject\main.cpp(661): warning C4244: '+=': conversion from 'double' to 'int', possible loss of data
c:\users\christian\documents\visual studio 2017\projects\loweye\finalproject\main.cpp(730): warning C4018: '>': signed/unsigned mismatch
c:\users\christian\documents\visual studio 2017\projects\loweye\finalproject\main.cpp(731): warning C4018: '>': signed/unsigned mismatch
c:\users\christian\documents\visual studio 2017\projects\loweye\finalproject\main.cpp(752): warning C4018: '<': signed/unsigned mismatch
c:\users\christian\documents\visual studio 2017\projects\loweye\finalproject\main.cpp(760): warning C4018: '<': signed/unsigned mismatch
c:\users\christian\documents\visual studio 2017\projects\loweye\finalproject\main.cpp(801): warning C4244: '*=': conversion from 'double' to 'int', possible loss of data
c:\users\christian\documents\visual studio 2017\projects\loweye\finalproject\main.cpp(802): warning C4244: '*=': conversion from 'double' to 'int', possible loss of data
c:\users\christian\documents\visual studio 2017\projects\loweye\finalproject\main.cpp(853): warning C4244: 'initializing': conversion from 'double' to 'int', possible loss of data
c:\users\christian\documents\visual studio 2017\projects\loweye\finalproject\main.cpp(895): warning C4244: '=': conversion from 'double' to 'int', possible loss of data
c:\users\christian\documents\visual studio 2017\projects\loweye\finalproject\main.cpp(896): warning C4244: '=': conversion from 'double' to 'int', possible loss of data
c:\users\christian\documents\visual studio 2017\projects\loweye\finalproject\main.cpp(906): warning C4018: '<': signed/unsigned mismatch
c:\users\christian\documents\visual studio 2017\projects\loweye\finalproject\main.cpp(919): warning C4018: '<': signed/unsigned mismatch
c:\users\christian\documents\visual studio 2017\projects\loweye\finalproject\main.cpp(930): warning C4018: '<': signed/unsigned mismatch
c:\users\christian\documents\visual studio 2017\projects\loweye\finalproject\main.cpp(1246): warning C4244: 'argument': conversion from 'time_t' to 'unsigned int', possible loss of data
c:\users\christian\documents\visual studio 2017\projects\loweye\finalproject\main.cpp(1336): warning C4244: 'argument': conversion from 'double' to 'int', possible loss of data
c:\users\christian\documents\visual studio 2017\projects\loweye\finalproject\main.cpp(1402): warning C4018: '<': signed/unsigned mismatch
c:\users\christian\documents\visual studio 2017\projects\loweye\finalproject\main.cpp(1451): warning C4244: '-=': conversion from 'double' to 'int', possible loss of data
c:\users\christian\documents\visual studio 2017\projects\loweye\finalproject\main.cpp(1470): warning C4244: '-=': conversion from 'double' to 'int', possible loss of data
c:\users\christian\documents\visual studio 2017\projects\loweye\finalproject\main.cpp(1504): warning C4244: '-=': conversion from 'double' to 'int', possible loss of data
c:\users\christian\documents\visual studio 2017\projects\loweye\finalproject\main.cpp(1527): warning C4244: '*=': conversion from 'double' to 'int', possible loss of data
c:\users\christian\documents\visual studio 2017\projects\loweye\finalproject\main.cpp(1696): warning C4018: '<': signed/unsigned mismatch
c:\users\christian\documents\visual studio 2017\projects\loweye\finalproject\main.cpp(1697): warning C4018: '<=': signed/unsigned mismatch
c:\users\christian\documents\visual studio 2017\projects\loweye\finalproject\main.cpp(52): warning C4715: 'getItemByName': not all control paths return a value
c:\users\christian\documents\visual studio 2017\projects\loweye\finalproject\main.cpp(60): warning C4715: 'getAttackByName': not all control paths return a value
c:\users\christian\documents\visual studio 2017\projects\loweye\finalproject\main.cpp(169): warning C4715: 'getUiSprite': not all control paths return a value
  FinalProject.vcxproj -> C:\Users\Christian\Documents\Visual Studio 2017\Projects\LowEye\Debug\FinalProject.exe
  FinalProject.vcxproj -> C:\Users\Christian\Documents\Visual Studio 2017\Projects\LowEye\Debug\FinalProject.pdb (Partial PDB)
